# JRE version: Java(TM) SE Runtime Environment (8.0_66-b18) (build 1.8.0_66-b18)
# Java VM: Java HotSpot(TM) 64-Bit Server VM (25.66-b18 mixed mode windows-amd64 compressed oops)
Heap:
 PSYoungGen      total 17920K, used 10040K [0x00000000eb100000, 0x00000000ecb80000, 0x0000000100000000)
  eden space 8704K, 32% used [0x00000000eb100000,0x00000000eb3ce008,0x00000000eb980000)
  from space 9216K, 77% used [0x00000000eb980000,0x00000000ec080000,0x00000000ec280000)
  to   space 9216K, 0% used [0x00000000ec280000,0x00000000ec280000,0x00000000ecb80000)
 ParOldGen       total 130048K, used 116807K [0x00000000c1200000, 0x00000000c9100000, 0x00000000eb100000)
  object space 130048K, 89% used [0x00000000c1200000,0x00000000c8411ff0,0x00000000c9100000)
 Metaspace       used 7292K, capacity 7587K, committed 7680K, reserved 1056768K
  class space    used 664K, capacity 688K, committed 768K, reserved 1048576K
GC Heap History (10 events):
Event: 350.722 GC heap before
{Heap before GC invocations=178 (full 5):
 PSYoungGen      total 17920K, used 15512K [0x00000000eb100000, 0x00000000ecb80000, 0x0000000100000000)
  eden space 8704K, 99% used [0x00000000eb100000,0x00000000eb96e090,0x00000000eb980000)
  from space 9216K, 74% used [0x00000000ec280000,0x00000000ec938000,0x00000000ecb80000)
  to   space 9216K, 0% used [0x00000000eb980000,0x00000000eb980000,0x00000000ec280000)
 ParOldGen       total 130048K, used 114479K [0x00000000c1200000, 0x00000000c9100000, 0x00000000eb100000)
  object space 130048K, 88% used [0x00000000c1200000,0x00000000c81cbff0,0x00000000c9100000)
 Metaspace       used 7292K, capacity 7587K, committed 7680K, reserved 1056768K
  class space    used 664K, capacity 688K, committed 768K, reserved 1048576K
Event: 350.727 GC heap after
Heap after GC invocations=178 (full 5):
 PSYoungGen      total 17920K, used 6880K [0x00000000eb100000, 0x00000000ecb80000, 0x0000000100000000)
  eden space 8704K, 0% used [0x00000000eb100000,0x00000000eb100000,0x00000000eb980000)
  from space 9216K, 74% used [0x00000000eb980000,0x00000000ec038000,0x00000000ec280000)
  to   space 9216K, 0% used [0x00000000ec280000,0x00000000ec280000,0x00000000ecb80000)
 ParOldGen       total 130048K, used 114959K [0x00000000c1200000, 0x00000000c9100000, 0x00000000eb100000)
  object space 130048K, 88% used [0x00000000c1200000,0x00000000c8243ff0,0x00000000c9100000)
 Metaspace       used 7292K, capacity 7587K, committed 7680K, reserved 1056768K
  class space    used 664K, capacity 688K, committed 768K, reserved 1048576K
}
Event: 352.189 GC heap before
{Heap before GC invocations=179 (full 5):
 PSYoungGen      total 17920K, used 15574K [0x00000000eb100000, 0x00000000ecb80000, 0x0000000100000000)
  eden space 8704K, 99% used [0x00000000eb100000,0x00000000eb97db68,0x00000000eb980000)
  from space 9216K, 74% used [0x00000000eb980000,0x00000000ec038000,0x00000000ec280000)
  to   space 9216K, 0% used [0x00000000ec280000,0x00000000ec280000,0x00000000ecb80000)
 ParOldGen       total 130048K, used 114959K [0x00000000c1200000, 0x00000000c9100000, 0x00000000eb100000)
  object space 130048K, 88% used [0x00000000c1200000,0x00000000c8243ff0,0x00000000c9100000)
 Metaspace       used 7292K, capacity 7587K, committed 7680K, reserved 1056768K
  class space    used 664K, capacity 688K, committed 768K, reserved 1048576K
Event: 352.193 GC heap after
Heap after GC invocations=179 (full 5):
 PSYoungGen      total 17920K, used 6976K [0x00000000eb100000, 0x00000000ecb80000, 0x0000000100000000)
  eden space 8704K, 0% used [0x00000000eb100000,0x00000000eb100000,0x00000000eb980000)
  from space 9216K, 75% used [0x00000000ec280000,0x00000000ec950000,0x00000000ecb80000)
  to   space 9216K, 0% used [0x00000000eb980000,0x00000000eb980000,0x00000000ec280000)
 ParOldGen       total 130048K, used 115423K [0x00000000c1200000, 0x00000000c9100000, 0x00000000eb100000)
  object space 130048K, 88% used [0x00000000c1200000,0x00000000c82b7ff0,0x00000000c9100000)
 Metaspace       used 7292K, capacity 7587K, committed 7680K, reserved 1056768K
  class space    used 664K, capacity 688K, committed 768K, reserved 1048576K
}
Event: 353.705 GC heap before
{Heap before GC invocations=180 (full 5):
 PSYoungGen      total 17920K, used 15669K [0x00000000eb100000, 0x00000000ecb80000, 0x0000000100000000)
  eden space 8704K, 99% used [0x00000000eb100000,0x00000000eb97d7c0,0x00000000eb980000)
  from space 9216K, 75% used [0x00000000ec280000,0x00000000ec950000,0x00000000ecb80000)
  to   space 9216K, 0% used [0x00000000eb980000,0x00000000eb980000,0x00000000ec280000)
 ParOldGen       total 130048K, used 115423K [0x00000000c1200000, 0x00000000c9100000, 0x00000000eb100000)
  object space 130048K, 88% used [0x00000000c1200000,0x00000000c82b7ff0,0x00000000c9100000)
 Metaspace       used 7292K, capacity 7587K, committed 7680K, reserved 1056768K
  class space    used 664K, capacity 688K, committed 768K, reserved 1048576K
Event: 353.710 GC heap after
Heap after GC invocations=180 (full 5):
 PSYoungGen      total 17920K, used 7008K [0x00000000eb100000, 0x00000000ecb80000, 0x0000000100000000)
  eden space 8704K, 0% used [0x00000000eb100000,0x00000000eb100000,0x00000000eb980000)
  from space 9216K, 76% used [0x00000000eb980000,0x00000000ec058000,0x00000000ec280000)
  to   space 9216K, 0% used [0x00000000ec280000,0x00000000ec280000,0x00000000ecb80000)
 ParOldGen       total 130048K, used 115887K [0x00000000c1200000, 0x00000000c9100000, 0x00000000eb100000)
  object space 130048K, 89% used [0x00000000c1200000,0x00000000c832bff0,0x00000000c9100000)
 Metaspace       used 7292K, capacity 7587K, committed 7680K, reserved 1056768K
  class space    used 664K, capacity 688K, committed 768K, reserved 1048576K
}
Event: 355.188 GC heap before
{Heap before GC invocations=181 (full 5):
 PSYoungGen      total 17920K, used 15707K [0x00000000eb100000, 0x00000000ecb80000, 0x0000000100000000)
  eden space 8704K, 99% used [0x00000000eb100000,0x00000000eb97eec0,0x00000000eb980000)
  from space 9216K, 76% used [0x00000000eb980000,0x00000000ec058000,0x00000000ec280000)
  to   space 9216K, 0% used [0x00000000ec280000,0x00000000ec280000,0x00000000ecb80000)
 ParOldGen       total 130048K, used 115887K [0x00000000c1200000, 0x00000000c9100000, 0x00000000eb100000)
  object space 130048K, 89% used [0x00000000c1200000,0x00000000c832bff0,0x00000000c9100000)
 Metaspace       used 7292K, capacity 7587K, committed 7680K, reserved 1056768K
  class space    used 664K, capacity 688K, committed 768K, reserved 1048576K
Event: 355.193 GC heap after
Heap after GC invocations=181 (full 5):
 PSYoungGen      total 17920K, used 7136K [0x00000000eb100000, 0x00000000ecb80000, 0x0000000100000000)
  eden space 8704K, 0% used [0x00000000eb100000,0x00000000eb100000,0x00000000eb980000)
  from space 9216K, 77% used [0x00000000ec280000,0x00000000ec978000,0x00000000ecb80000)
  to   space 9216K, 0% used [0x00000000eb980000,0x00000000eb980000,0x00000000ec280000)
 ParOldGen       total 130048K, used 116351K [0x00000000c1200000, 0x00000000c9100000, 0x00000000eb100000)
  object space 130048K, 89% used [0x00000000c1200000,0x00000000c839fff0,0x00000000c9100000)
 Metaspace       used 7292K, capacity 7587K, committed 7680K, reserved 1056768K
  class space    used 664K, capacity 688K, committed 768K, reserved 1048576K
}
Event: 356.671 GC heap before
{Heap before GC invocations=182 (full 5):
 PSYoungGen      total 17920K, used 15832K [0x00000000eb100000, 0x00000000ecb80000, 0x0000000100000000)
  eden space 8704K, 99% used [0x00000000eb100000,0x00000000eb97e170,0x00000000eb980000)
  from space 9216K, 77% used [0x00000000ec280000,0x00000000ec978000,0x00000000ecb80000)
  to   space 9216K, 0% used [0x00000000eb980000,0x00000000eb980000,0x00000000ec280000)
 ParOldGen       total 130048K, used 116351K [0x00000000c1200000, 0x00000000c9100000, 0x00000000eb100000)
  object space 130048K, 89% used [0x00000000c1200000,0x00000000c839fff0,0x00000000c9100000)
 Metaspace       used 7292K, capacity 7587K, committed 7680K, reserved 1056768K
  class space    used 664K, capacity 688K, committed 768K, reserved 1048576K
Event: 356.677 GC heap after
Heap after GC invocations=182 (full 5):
 PSYoungGen      total 17920K, used 7168K [0x00000000eb100000, 0x00000000ecb80000, 0x0000000100000000)
  eden space 8704K, 0% used [0x00000000eb100000,0x00000000eb100000,0x00000000eb980000)
  from space 9216K, 77% used [0x00000000eb980000,0x00000000ec080000,0x00000000ec280000)
  to   space 9216K, 0% used [0x00000000ec280000,0x00000000ec280000,0x00000000ecb80000)
 ParOldGen       total 130048K, used 116807K [0x00000000c1200000, 0x00000000c9100000, 0x00000000eb100000)
  object space 130048K, 89% used [0x00000000c1200000,0x00000000c8411ff0,0x00000000c9100000)
 Metaspace       used 7292K, capacity 7587K, committed 7680K, reserved 1056768K
  class space    used 664K, capacity 688K, committed 768K, reserved 1048576K
}

