# JRE version: Java(TM) SE Runtime Environment (8.0_66-b18) (build 1.8.0_66-b18)
# Java VM: Java HotSpot(TM) 64-Bit Server VM (25.66-b18 mixed mode windows-amd64 compressed oops)
Heap:
 PSYoungGen      total 17408K, used 7325K [0x00000000eb100000, 0x00000000ecb00000, 0x0000000100000000)
  eden space 9216K, 7% used [0x00000000eb100000,0x00000000eb1abe90,0x00000000eba00000)
  from space 8192K, 81% used [0x00000000eba00000,0x00000000ec07b890,0x00000000ec200000)
  to   space 8192K, 0% used [0x00000000ec300000,0x00000000ec300000,0x00000000ecb00000)
 ParOldGen       total 170496K, used 156231K [0x00000000c1200000, 0x00000000cb880000, 0x00000000eb100000)
  object space 170496K, 91% used [0x00000000c1200000,0x00000000caa91ee8,0x00000000cb880000)
 Metaspace       used 7325K, capacity 7587K, committed 7680K, reserved 1056768K
  class space    used 664K, capacity 688K, committed 768K, reserved 1048576K
GC Heap History (10 events):
Event: 471.948 GC heap before
{Heap before GC invocations=331 (full 7):
 PSYoungGen      total 15872K, used 14944K [0x00000000eb100000, 0x00000000ec900000, 0x0000000100000000)
  eden space 8192K, 100% used [0x00000000eb100000,0x00000000eb900000,0x00000000eb900000)
  from space 7680K, 87% used [0x00000000eb900000,0x00000000ebf98000,0x00000000ec080000)
  to   space 7680K, 0% used [0x00000000ec180000,0x00000000ec180000,0x00000000ec900000)
 ParOldGen       total 156160K, used 154706K [0x00000000c1200000, 0x00000000caa80000, 0x00000000eb100000)
  object space 156160K, 99% used [0x00000000c1200000,0x00000000ca914988,0x00000000caa80000)
 Metaspace       used 7325K, capacity 7587K, committed 7680K, reserved 1056768K
  class space    used 664K, capacity 688K, committed 768K, reserved 1048576K
Event: 471.952 GC heap after
Heap after GC invocations=331 (full 7):
 PSYoungGen      total 16896K, used 6784K [0x00000000eb100000, 0x00000000ec900000, 0x0000000100000000)
  eden space 9216K, 0% used [0x00000000eb100000,0x00000000eb100000,0x00000000eba00000)
  from space 7680K, 88% used [0x00000000ec180000,0x00000000ec820000,0x00000000ec900000)
  to   space 7680K, 0% used [0x00000000eba00000,0x00000000eba00000,0x00000000ec180000)
 ParOldGen       total 156160K, used 155162K [0x00000000c1200000, 0x00000000caa80000, 0x00000000eb100000)
  object space 156160K, 99% used [0x00000000c1200000,0x00000000ca986988,0x00000000caa80000)
 Metaspace       used 7325K, capacity 7587K, committed 7680K, reserved 1056768K
  class space    used 664K, capacity 688K, committed 768K, reserved 1048576K
}
Event: 473.531 GC heap before
{Heap before GC invocations=332 (full 7):
 PSYoungGen      total 16896K, used 16000K [0x00000000eb100000, 0x00000000ec900000, 0x0000000100000000)
  eden space 9216K, 100% used [0x00000000eb100000,0x00000000eba00000,0x00000000eba00000)
  from space 7680K, 88% used [0x00000000ec180000,0x00000000ec820000,0x00000000ec900000)
  to   space 7680K, 0% used [0x00000000eba00000,0x00000000eba00000,0x00000000ec180000)
 ParOldGen       total 156160K, used 155162K [0x00000000c1200000, 0x00000000caa80000, 0x00000000eb100000)
  object space 156160K, 99% used [0x00000000c1200000,0x00000000ca986988,0x00000000caa80000)
 Metaspace       used 7325K, capacity 7587K, committed 7680K, reserved 1056768K
  class space    used 664K, capacity 688K, committed 768K, reserved 1048576K
Event: 473.535 GC heap after
Heap after GC invocations=332 (full 7):
 PSYoungGen      total 16896K, used 6880K [0x00000000eb100000, 0x00000000eca00000, 0x0000000100000000)
  eden space 9216K, 0% used [0x00000000eb100000,0x00000000eb100000,0x00000000eba00000)
  from space 7680K, 89% used [0x00000000eba00000,0x00000000ec0b8000,0x00000000ec180000)
  to   space 8192K, 0% used [0x00000000ec200000,0x00000000ec200000,0x00000000eca00000)
 ParOldGen       total 156160K, used 155626K [0x00000000c1200000, 0x00000000caa80000, 0x00000000eb100000)
  object space 156160K, 99% used [0x00000000c1200000,0x00000000ca9fa988,0x00000000caa80000)
 Metaspace       used 7325K, capacity 7587K, committed 7680K, reserved 1056768K
  class space    used 664K, capacity 688K, committed 768K, reserved 1048576K
}
Event: 475.114 GC heap before
{Heap before GC invocations=333 (full 7):
 PSYoungGen      total 16896K, used 16078K [0x00000000eb100000, 0x00000000eca00000, 0x0000000100000000)
  eden space 9216K, 99% used [0x00000000eb100000,0x00000000eb9fb870,0x00000000eba00000)
  from space 7680K, 89% used [0x00000000eba00000,0x00000000ec0b8000,0x00000000ec180000)
  to   space 8192K, 0% used [0x00000000ec200000,0x00000000ec200000,0x00000000eca00000)
 ParOldGen       total 156160K, used 155626K [0x00000000c1200000, 0x00000000caa80000, 0x00000000eb100000)
  object space 156160K, 99% used [0x00000000c1200000,0x00000000ca9fa988,0x00000000caa80000)
 Metaspace       used 7325K, capacity 7587K, committed 7680K, reserved 1056768K
  class space    used 664K, capacity 688K, committed 768K, reserved 1048576K
Event: 475.118 GC heap after
Heap after GC invocations=333 (full 7):
 PSYoungGen      total 17408K, used 6944K [0x00000000eb100000, 0x00000000eca00000, 0x0000000100000000)
  eden space 9216K, 0% used [0x00000000eb100000,0x00000000eb100000,0x00000000eba00000)
  from space 8192K, 84% used [0x00000000ec200000,0x00000000ec8c8000,0x00000000eca00000)
  to   space 8192K, 0% used [0x00000000eba00000,0x00000000eba00000,0x00000000ec200000)
 ParOldGen       total 156160K, used 156098K [0x00000000c1200000, 0x00000000caa80000, 0x00000000eb100000)
  object space 156160K, 99% used [0x00000000c1200000,0x00000000caa70988,0x00000000caa80000)
 Metaspace       used 7325K, capacity 7587K, committed 7680K, reserved 1056768K
  class space    used 664K, capacity 688K, committed 768K, reserved 1048576K
}
Event: 475.118 GC heap before
{Heap before GC invocations=334 (full 8):
 PSYoungGen      total 17408K, used 6944K [0x00000000eb100000, 0x00000000eca00000, 0x0000000100000000)
  eden space 9216K, 0% used [0x00000000eb100000,0x00000000eb100000,0x00000000eba00000)
  from space 8192K, 84% used [0x00000000ec200000,0x00000000ec8c8000,0x00000000eca00000)
  to   space 8192K, 0% used [0x00000000eba00000,0x00000000eba00000,0x00000000ec200000)
 ParOldGen       total 156160K, used 156098K [0x00000000c1200000, 0x00000000caa80000, 0x00000000eb100000)
  object space 156160K, 99% used [0x00000000c1200000,0x00000000caa70988,0x00000000caa80000)
 Metaspace       used 7325K, capacity 7587K, committed 7680K, reserved 1056768K
  class space    used 664K, capacity 688K, committed 768K, reserved 1048576K
Event: 475.431 GC heap after
Heap after GC invocations=334 (full 8):
 PSYoungGen      total 17408K, used 6340K [0x00000000eb100000, 0x00000000eca00000, 0x0000000100000000)
  eden space 9216K, 0% used [0x00000000eb100000,0x00000000eb100000,0x00000000eba00000)
  from space 8192K, 77% used [0x00000000ec200000,0x00000000ec831000,0x00000000eca00000)
  to   space 8192K, 0% used [0x00000000eba00000,0x00000000eba00000,0x00000000ec200000)
 ParOldGen       total 170496K, used 155799K [0x00000000c1200000, 0x00000000cb880000, 0x00000000eb100000)
  object space 170496K, 91% used [0x00000000c1200000,0x00000000caa25ee8,0x00000000cb880000)
 Metaspace       used 7325K, capacity 7587K, committed 7680K, reserved 1056768K
  class space    used 664K, capacity 688K, committed 768K, reserved 1048576K
}
Event: 476.848 GC heap before
{Heap before GC invocations=335 (full 8):
 PSYoungGen      total 17408K, used 15556K [0x00000000eb100000, 0x00000000eca00000, 0x0000000100000000)
  eden space 9216K, 100% used [0x00000000eb100000,0x00000000eba00000,0x00000000eba00000)
  from space 8192K, 77% used [0x00000000ec200000,0x00000000ec831000,0x00000000eca00000)
  to   space 8192K, 0% used [0x00000000eba00000,0x00000000eba00000,0x00000000ec200000)
 ParOldGen       total 170496K, used 155799K [0x00000000c1200000, 0x00000000cb880000, 0x00000000eb100000)
  object space 170496K, 91% used [0x00000000c1200000,0x00000000caa25ee8,0x00000000cb880000)
 Metaspace       used 7325K, capacity 7587K, committed 7680K, reserved 1056768K
  class space    used 664K, capacity 688K, committed 768K, reserved 1048576K
Event: 476.870 GC heap after
Heap after GC invocations=335 (full 8):
 PSYoungGen      total 17408K, used 6638K [0x00000000eb100000, 0x00000000ecb00000, 0x0000000100000000)
  eden space 9216K, 0% used [0x00000000eb100000,0x00000000eb100000,0x00000000eba00000)
  from space 8192K, 81% used [0x00000000eba00000,0x00000000ec07b890,0x00000000ec200000)
  to   space 8192K, 0% used [0x00000000ec300000,0x00000000ec300000,0x00000000ecb00000)
 ParOldGen       total 170496K, used 156231K [0x00000000c1200000, 0x00000000cb880000, 0x00000000eb100000)
  object space 170496K, 91% used [0x00000000c1200000,0x00000000caa91ee8,0x00000000cb880000)
 Metaspace       used 7325K, capacity 7587K, committed 7680K, reserved 1056768K
  class space    used 664K, capacity 688K, committed 768K, reserved 1048576K
}

