# JRE version: Java(TM) SE Runtime Environment (8.0_66-b18) (build 1.8.0_66-b18)
# Java VM: Java HotSpot(TM) 64-Bit Server VM (25.66-b18 mixed mode windows-amd64 compressed oops)
Heap:
 PSYoungGen      total 260608K, used 178900K [0x00000000d5e00000, 0x00000000ed400000, 0x0000000100000000)
  eden space 146432K, 59% used [0x00000000d5e00000,0x00000000db3adf20,0x00000000ded00000)
  from space 114176K, 79% used [0x00000000e5f00000,0x00000000eb807120,0x00000000ece80000)
  to   space 116736K, 0% used [0x00000000ded00000,0x00000000ded00000,0x00000000e5f00000)
 ParOldGen       total 579584K, used 520264K [0x0000000081a00000, 0x00000000a5000000, 0x00000000d5e00000)
  object space 579584K, 89% used [0x0000000081a00000,0x00000000a1612390,0x00000000a5000000)
 Metaspace       used 14235K, capacity 14361K, committed 14720K, reserved 1062912K
  class space    used 1572K, capacity 1590K, committed 1664K, reserved 1048576K
GC Heap History (10 events):
Event: 1745.772 GC heap before
{Heap before GC invocations=467 (full 12):
 PSYoungGen      total 231936K, used 213884K [0x00000000d5e00000, 0x00000000eab80000, 0x0000000100000000)
  eden space 130048K, 100% used [0x00000000d5e00000,0x00000000ddd00000,0x00000000ddd00000)
  from space 101888K, 82% used [0x00000000e4300000,0x00000000e94df120,0x00000000ea680000)
  to   space 104448K, 0% used [0x00000000ddd00000,0x00000000ddd00000,0x00000000e4300000)
 ParOldGen       total 516096K, used 500108K [0x0000000081a00000, 0x00000000a1200000, 0x00000000d5e00000)
  object space 516096K, 96% used [0x0000000081a00000,0x00000000a02631c0,0x00000000a1200000)
 Metaspace       used 14250K, capacity 14385K, committed 14720K, reserved 1062912K
  class space    used 1574K, capacity 1594K, committed 1664K, reserved 1048576K
Event: 1745.948 GC heap after
Heap after GC invocations=467 (full 12):
 PSYoungGen      total 234496K, used 86378K [0x00000000d5e00000, 0x00000000eba00000, 0x0000000100000000)
  eden space 130048K, 0% used [0x00000000d5e00000,0x00000000d5e00000,0x00000000ddd00000)
  from space 104448K, 82% used [0x00000000ddd00000,0x00000000e315a9b0,0x00000000e4300000)
  to   space 107520K, 0% used [0x00000000e5100000,0x00000000e5100000,0x00000000eba00000)
 ParOldGen       total 516096K, used 504740K [0x0000000081a00000, 0x00000000a1200000, 0x00000000d5e00000)
  object space 516096K, 97% used [0x0000000081a00000,0x00000000a06e91c0,0x00000000a1200000)
 Metaspace       used 14250K, capacity 14385K, committed 14720K, reserved 1062912K
  class space    used 1574K, capacity 1594K, committed 1664K, reserved 1048576K
}
Event: 1766.438 GC heap before
{Heap before GC invocations=468 (full 12):
 PSYoungGen      total 234496K, used 216426K [0x00000000d5e00000, 0x00000000eba00000, 0x0000000100000000)
  eden space 130048K, 100% used [0x00000000d5e00000,0x00000000ddd00000,0x00000000ddd00000)
  from space 104448K, 82% used [0x00000000ddd00000,0x00000000e315a9b0,0x00000000e4300000)
  to   space 107520K, 0% used [0x00000000e5100000,0x00000000e5100000,0x00000000eba00000)
 ParOldGen       total 516096K, used 504740K [0x0000000081a00000, 0x00000000a1200000, 0x00000000d5e00000)
  object space 516096K, 97% used [0x0000000081a00000,0x00000000a06e91c0,0x00000000a1200000)
 Metaspace       used 14250K, capacity 14385K, committed 14720K, reserved 1062912K
  class space    used 1574K, capacity 1594K, committed 1664K, reserved 1048576K
Event: 1766.531 GC heap after
Heap after GC invocations=468 (full 12):
 PSYoungGen      total 245248K, used 88572K [0x00000000d5e00000, 0x00000000ec100000, 0x0000000100000000)
  eden space 137728K, 0% used [0x00000000d5e00000,0x00000000d5e00000,0x00000000de480000)
  from space 107520K, 82% used [0x00000000e5100000,0x00000000ea77f120,0x00000000eba00000)
  to   space 111104K, 0% used [0x00000000de480000,0x00000000de480000,0x00000000e5100000)
 ParOldGen       total 516096K, used 509532K [0x0000000081a00000, 0x00000000a1200000, 0x00000000d5e00000)
  object space 516096K, 98% used [0x0000000081a00000,0x00000000a0b971c0,0x00000000a1200000)
 Metaspace       used 14250K, capacity 14385K, committed 14720K, reserved 1062912K
  class space    used 1574K, capacity 1594K, committed 1664K, reserved 1048576K
}
Event: 1788.121 GC heap before
{Heap before GC invocations=469 (full 12):
 PSYoungGen      total 245248K, used 226300K [0x00000000d5e00000, 0x00000000ec100000, 0x0000000100000000)
  eden space 137728K, 100% used [0x00000000d5e00000,0x00000000de480000,0x00000000de480000)
  from space 107520K, 82% used [0x00000000e5100000,0x00000000ea77f120,0x00000000eba00000)
  to   space 111104K, 0% used [0x00000000de480000,0x00000000de480000,0x00000000e5100000)
 ParOldGen       total 516096K, used 509532K [0x0000000081a00000, 0x00000000a1200000, 0x00000000d5e00000)
  object space 516096K, 98% used [0x0000000081a00000,0x00000000a0b971c0,0x00000000a1200000)
 Metaspace       used 14250K, capacity 14385K, committed 14720K, reserved 1062912K
  class space    used 1574K, capacity 1594K, committed 1664K, reserved 1048576K
Event: 1788.193 GC heap after
Heap after GC invocations=469 (full 12):
 PSYoungGen      total 248832K, used 91420K [0x00000000d5e00000, 0x00000000ece80000, 0x0000000100000000)
  eden space 137728K, 0% used [0x00000000d5e00000,0x00000000d5e00000,0x00000000de480000)
  from space 111104K, 82% used [0x00000000de480000,0x00000000e3dc7120,0x00000000e5100000)
  to   space 114176K, 0% used [0x00000000e5f00000,0x00000000e5f00000,0x00000000ece80000)
 ParOldGen       total 516096K, used 514028K [0x0000000081a00000, 0x00000000a1200000, 0x00000000d5e00000)
  object space 516096K, 99% used [0x0000000081a00000,0x00000000a0ffb1c0,0x00000000a1200000)
 Metaspace       used 14250K, capacity 14385K, committed 14720K, reserved 1062912K
  class space    used 1574K, capacity 1594K, committed 1664K, reserved 1048576K
}
Event: 1788.193 GC heap before
{Heap before GC invocations=470 (full 13):
 PSYoungGen      total 248832K, used 91420K [0x00000000d5e00000, 0x00000000ece80000, 0x0000000100000000)
  eden space 137728K, 0% used [0x00000000d5e00000,0x00000000d5e00000,0x00000000de480000)
  from space 111104K, 82% used [0x00000000de480000,0x00000000e3dc7120,0x00000000e5100000)
  to   space 114176K, 0% used [0x00000000e5f00000,0x00000000e5f00000,0x00000000ece80000)
 ParOldGen       total 516096K, used 514028K [0x0000000081a00000, 0x00000000a1200000, 0x00000000d5e00000)
  object space 516096K, 99% used [0x0000000081a00000,0x00000000a0ffb1c0,0x00000000a1200000)
 Metaspace       used 14250K, capacity 14385K, committed 14720K, reserved 1062912K
  class space    used 1574K, capacity 1594K, committed 1664K, reserved 1048576K
Event: 1790.363 GC heap after
Heap after GC invocations=470 (full 13):
 PSYoungGen      total 248832K, used 87278K [0x00000000d5e00000, 0x00000000ece80000, 0x0000000100000000)
  eden space 137728K, 0% used [0x00000000d5e00000,0x00000000d5e00000,0x00000000de480000)
  from space 111104K, 78% used [0x00000000de480000,0x00000000e39bbbc8,0x00000000e5100000)
  to   space 114176K, 0% used [0x00000000e5f00000,0x00000000e5f00000,0x00000000ece80000)
 ParOldGen       total 579584K, used 515848K [0x0000000081a00000, 0x00000000a5000000, 0x00000000d5e00000)
  object space 579584K, 89% used [0x0000000081a00000,0x00000000a11c2390,0x00000000a5000000)
 Metaspace       used 14235K, capacity 14361K, committed 14720K, reserved 1062912K
  class space    used 1572K, capacity 1590K, committed 1664K, reserved 1048576K
}
Event: 1811.888 GC heap before
{Heap before GC invocations=471 (full 13):
 PSYoungGen      total 248832K, used 225006K [0x00000000d5e00000, 0x00000000ece80000, 0x0000000100000000)
  eden space 137728K, 100% used [0x00000000d5e00000,0x00000000de480000,0x00000000de480000)
  from space 111104K, 78% used [0x00000000de480000,0x00000000e39bbbc8,0x00000000e5100000)
  to   space 114176K, 0% used [0x00000000e5f00000,0x00000000e5f00000,0x00000000ece80000)
 ParOldGen       total 579584K, used 515848K [0x0000000081a00000, 0x00000000a5000000, 0x00000000d5e00000)
  object space 579584K, 89% used [0x0000000081a00000,0x00000000a11c2390,0x00000000a5000000)
 Metaspace       used 14235K, capacity 14361K, committed 14720K, reserved 1062912K
  class space    used 1572K, capacity 1590K, committed 1664K, reserved 1048576K
Event: 1812.062 GC heap after
Heap after GC invocations=471 (full 13):
 PSYoungGen      total 260608K, used 91164K [0x00000000d5e00000, 0x00000000ed400000, 0x0000000100000000)
  eden space 146432K, 0% used [0x00000000d5e00000,0x00000000d5e00000,0x00000000ded00000)
  from space 114176K, 79% used [0x00000000e5f00000,0x00000000eb807120,0x00000000ece80000)
  to   space 116736K, 0% used [0x00000000ded00000,0x00000000ded00000,0x00000000e5f00000)
 ParOldGen       total 579584K, used 520264K [0x0000000081a00000, 0x00000000a5000000, 0x00000000d5e00000)
  object space 579584K, 89% used [0x0000000081a00000,0x00000000a1612390,0x00000000a5000000)
 Metaspace       used 14235K, capacity 14361K, committed 14720K, reserved 1062912K
  class space    used 1572K, capacity 1590K, committed 1664K, reserved 1048576K
}

