# JRE version: Java(TM) SE Runtime Environment (8.0_66-b18) (build 1.8.0_66-b18)
# Java VM: Java HotSpot(TM) 64-Bit Server VM (25.66-b18 mixed mode windows-amd64 compressed oops)
Heap:
 PSYoungGen      total 14336K, used 13046K [0x00000000eb100000, 0x00000000ec500000, 0x0000000100000000)
  eden space 8192K, 89% used [0x00000000eb100000,0x00000000eb831fa0,0x00000000eb900000)
  from space 6144K, 92% used [0x00000000eb900000,0x00000000ebe8b890,0x00000000ebf00000)
  to   space 6144K, 0% used [0x00000000ebf00000,0x00000000ebf00000,0x00000000ec500000)
 ParOldGen       total 160256K, used 147727K [0x00000000c1200000, 0x00000000cae80000, 0x00000000eb100000)
  object space 160256K, 92% used [0x00000000c1200000,0x00000000ca243c10,0x00000000cae80000)
 Metaspace       used 7300K, capacity 7587K, committed 7680K, reserved 1056768K
  class space    used 662K, capacity 688K, committed 768K, reserved 1048576K
GC Heap History (10 events):
Event: 438.691 GC heap before
{Heap before GC invocations=270 (full 7):
 PSYoungGen      total 13312K, used 12200K [0x00000000eb100000, 0x00000000ec400000, 0x0000000100000000)
  eden space 7168K, 99% used [0x00000000eb100000,0x00000000eb7f6800,0x00000000eb800000)
  from space 6144K, 82% used [0x00000000ebe00000,0x00000000ec2f3890,0x00000000ec400000)
  to   space 6144K, 0% used [0x00000000eb800000,0x00000000eb800000,0x00000000ebe00000)
 ParOldGen       total 160256K, used 145999K [0x00000000c1200000, 0x00000000cae80000, 0x00000000eb100000)
  object space 160256K, 91% used [0x00000000c1200000,0x00000000ca093c10,0x00000000cae80000)
 Metaspace       used 7300K, capacity 7587K, committed 7680K, reserved 1056768K
  class space    used 662K, capacity 688K, committed 768K, reserved 1048576K
Event: 438.696 GC heap after
Heap after GC invocations=270 (full 7):
 PSYoungGen      total 13312K, used 5134K [0x00000000eb100000, 0x00000000ec500000, 0x0000000100000000)
  eden space 7168K, 0% used [0x00000000eb100000,0x00000000eb100000,0x00000000eb800000)
  from space 6144K, 83% used [0x00000000eb800000,0x00000000ebd03890,0x00000000ebe00000)
  to   space 6144K, 0% used [0x00000000ebf00000,0x00000000ebf00000,0x00000000ec500000)
 ParOldGen       total 160256K, used 146343K [0x00000000c1200000, 0x00000000cae80000, 0x00000000eb100000)
  object space 160256K, 91% used [0x00000000c1200000,0x00000000ca0e9c10,0x00000000cae80000)
 Metaspace       used 7300K, capacity 7587K, committed 7680K, reserved 1056768K
  class space    used 662K, capacity 688K, committed 768K, reserved 1048576K
}
Event: 439.908 GC heap before
{Heap before GC invocations=271 (full 7):
 PSYoungGen      total 13312K, used 12293K [0x00000000eb100000, 0x00000000ec500000, 0x0000000100000000)
  eden space 7168K, 99% used [0x00000000eb100000,0x00000000eb7fdc28,0x00000000eb800000)
  from space 6144K, 83% used [0x00000000eb800000,0x00000000ebd03890,0x00000000ebe00000)
  to   space 6144K, 0% used [0x00000000ebf00000,0x00000000ebf00000,0x00000000ec500000)
 ParOldGen       total 160256K, used 146343K [0x00000000c1200000, 0x00000000cae80000, 0x00000000eb100000)
  object space 160256K, 91% used [0x00000000c1200000,0x00000000ca0e9c10,0x00000000cae80000)
 Metaspace       used 7300K, capacity 7587K, committed 7680K, reserved 1056768K
  class space    used 662K, capacity 688K, committed 768K, reserved 1048576K
Event: 439.911 GC heap after
Heap after GC invocations=271 (full 7):
 PSYoungGen      total 14336K, used 5230K [0x00000000eb100000, 0x00000000ec500000, 0x0000000100000000)
  eden space 8192K, 0% used [0x00000000eb100000,0x00000000eb100000,0x00000000eb900000)
  from space 6144K, 85% used [0x00000000ebf00000,0x00000000ec41b890,0x00000000ec500000)
  to   space 6144K, 0% used [0x00000000eb900000,0x00000000eb900000,0x00000000ebf00000)
 ParOldGen       total 160256K, used 146695K [0x00000000c1200000, 0x00000000cae80000, 0x00000000eb100000)
  object space 160256K, 91% used [0x00000000c1200000,0x00000000ca141c10,0x00000000cae80000)
 Metaspace       used 7300K, capacity 7587K, committed 7680K, reserved 1056768K
  class space    used 662K, capacity 688K, committed 768K, reserved 1048576K
}
Event: 441.274 GC heap before
{Heap before GC invocations=272 (full 7):
 PSYoungGen      total 14336K, used 13350K [0x00000000eb100000, 0x00000000ec500000, 0x0000000100000000)
  eden space 8192K, 99% used [0x00000000eb100000,0x00000000eb8ee200,0x00000000eb900000)
  from space 6144K, 85% used [0x00000000ebf00000,0x00000000ec41b890,0x00000000ec500000)
  to   space 6144K, 0% used [0x00000000eb900000,0x00000000eb900000,0x00000000ebf00000)
 ParOldGen       total 160256K, used 146695K [0x00000000c1200000, 0x00000000cae80000, 0x00000000eb100000)
  object space 160256K, 91% used [0x00000000c1200000,0x00000000ca141c10,0x00000000cae80000)
 Metaspace       used 7300K, capacity 7587K, committed 7680K, reserved 1056768K
  class space    used 662K, capacity 688K, committed 768K, reserved 1048576K
Event: 441.278 GC heap after
Heap after GC invocations=272 (full 7):
 PSYoungGen      total 14336K, used 5358K [0x00000000eb100000, 0x00000000ec500000, 0x0000000100000000)
  eden space 8192K, 0% used [0x00000000eb100000,0x00000000eb100000,0x00000000eb900000)
  from space 6144K, 87% used [0x00000000eb900000,0x00000000ebe3b890,0x00000000ebf00000)
  to   space 6144K, 0% used [0x00000000ebf00000,0x00000000ebf00000,0x00000000ec500000)
 ParOldGen       total 160256K, used 147039K [0x00000000c1200000, 0x00000000cae80000, 0x00000000eb100000)
  object space 160256K, 91% used [0x00000000c1200000,0x00000000ca197c10,0x00000000cae80000)
 Metaspace       used 7300K, capacity 7587K, committed 7680K, reserved 1056768K
  class space    used 662K, capacity 688K, committed 768K, reserved 1048576K
}
Event: 442.658 GC heap before
{Heap before GC invocations=273 (full 7):
 PSYoungGen      total 14336K, used 13532K [0x00000000eb100000, 0x00000000ec500000, 0x0000000100000000)
  eden space 8192K, 99% used [0x00000000eb100000,0x00000000eb8fbb68,0x00000000eb900000)
  from space 6144K, 87% used [0x00000000eb900000,0x00000000ebe3b890,0x00000000ebf00000)
  to   space 6144K, 0% used [0x00000000ebf00000,0x00000000ebf00000,0x00000000ec500000)
 ParOldGen       total 160256K, used 147039K [0x00000000c1200000, 0x00000000cae80000, 0x00000000eb100000)
  object space 160256K, 91% used [0x00000000c1200000,0x00000000ca197c10,0x00000000cae80000)
 Metaspace       used 7300K, capacity 7587K, committed 7680K, reserved 1056768K
  class space    used 662K, capacity 688K, committed 768K, reserved 1048576K
Event: 442.665 GC heap after
Heap after GC invocations=273 (full 7):
 PSYoungGen      total 14336K, used 5518K [0x00000000eb100000, 0x00000000ec600000, 0x0000000100000000)
  eden space 8192K, 0% used [0x00000000eb100000,0x00000000eb100000,0x00000000eb900000)
  from space 6144K, 89% used [0x00000000ebf00000,0x00000000ec463890,0x00000000ec500000)
  to   space 6144K, 0% used [0x00000000eb900000,0x00000000eb900000,0x00000000ebf00000)
 ParOldGen       total 160256K, used 147383K [0x00000000c1200000, 0x00000000cae80000, 0x00000000eb100000)
  object space 160256K, 91% used [0x00000000c1200000,0x00000000ca1edc10,0x00000000cae80000)
 Metaspace       used 7300K, capacity 7587K, committed 7680K, reserved 1056768K
  class space    used 662K, capacity 688K, committed 768K, reserved 1048576K
}
Event: 444.023 GC heap before
{Heap before GC invocations=274 (full 7):
 PSYoungGen      total 14336K, used 13638K [0x00000000eb100000, 0x00000000ec600000, 0x0000000100000000)
  eden space 8192K, 99% used [0x00000000eb100000,0x00000000eb8edfc0,0x00000000eb900000)
  from space 6144K, 89% used [0x00000000ebf00000,0x00000000ec463890,0x00000000ec500000)
  to   space 6144K, 0% used [0x00000000eb900000,0x00000000eb900000,0x00000000ebf00000)
 ParOldGen       total 160256K, used 147383K [0x00000000c1200000, 0x00000000cae80000, 0x00000000eb100000)
  object space 160256K, 91% used [0x00000000c1200000,0x00000000ca1edc10,0x00000000cae80000)
 Metaspace       used 7300K, capacity 7587K, committed 7680K, reserved 1056768K
  class space    used 662K, capacity 688K, committed 768K, reserved 1048576K
Event: 444.027 GC heap after
Heap after GC invocations=274 (full 7):
 PSYoungGen      total 14336K, used 5678K [0x00000000eb100000, 0x00000000ec500000, 0x0000000100000000)
  eden space 8192K, 0% used [0x00000000eb100000,0x00000000eb100000,0x00000000eb900000)
  from space 6144K, 92% used [0x00000000eb900000,0x00000000ebe8b890,0x00000000ebf00000)
  to   space 6144K, 0% used [0x00000000ebf00000,0x00000000ebf00000,0x00000000ec500000)
 ParOldGen       total 160256K, used 147727K [0x00000000c1200000, 0x00000000cae80000, 0x00000000eb100000)
  object space 160256K, 92% used [0x00000000c1200000,0x00000000ca243c10,0x00000000cae80000)
 Metaspace       used 7300K, capacity 7587K, committed 7680K, reserved 1056768K
  class space    used 662K, capacity 688K, committed 768K, reserved 1048576K
}

