# JRE version: Java(TM) SE Runtime Environment (8.0_66-b18) (build 1.8.0_66-b18)
# Java VM: Java HotSpot(TM) 64-Bit Server VM (25.66-b18 mixed mode windows-amd64 compressed oops)
Heap:
 PSYoungGen      total 17408K, used 13656K [0x00000000eb100000, 0x00000000ecb00000, 0x0000000100000000)
  eden space 9216K, 63% used [0x00000000eb100000,0x00000000eb6b61c8,0x00000000eba00000)
  from space 8192K, 95% used [0x00000000eba00000,0x00000000ec1a0000,0x00000000ec200000)
  to   space 8704K, 0% used [0x00000000ec280000,0x00000000ec280000,0x00000000ecb00000)
 ParOldGen       total 143360K, used 136851K [0x00000000c1200000, 0x00000000c9e00000, 0x00000000eb100000)
  object space 143360K, 95% used [0x00000000c1200000,0x00000000c97a4ff8,0x00000000c9e00000)
 Metaspace       used 7298K, capacity 7587K, committed 7680K, reserved 1056768K
  class space    used 662K, capacity 688K, committed 768K, reserved 1048576K
GC Heap History (10 events):
Event: 409.693 GC heap before
{Heap before GC invocations=227 (full 6):
 PSYoungGen      total 16896K, used 16800K [0x00000000eb100000, 0x00000000ec900000, 0x0000000100000000)
  eden space 9216K, 100% used [0x00000000eb100000,0x00000000eba00000,0x00000000eba00000)
  from space 7680K, 98% used [0x00000000ec180000,0x00000000ec8e8000,0x00000000ec900000)
  to   space 7680K, 0% used [0x00000000eba00000,0x00000000eba00000,0x00000000ec180000)
 ParOldGen       total 143360K, used 134315K [0x00000000c1200000, 0x00000000c9e00000, 0x00000000eb100000)
  object space 143360K, 93% used [0x00000000c1200000,0x00000000c952aff8,0x00000000c9e00000)
 Metaspace       used 7298K, capacity 7587K, committed 7680K, reserved 1056768K
  class space    used 662K, capacity 688K, committed 768K, reserved 1048576K
Event: 409.697 GC heap after
Heap after GC invocations=227 (full 6):
 PSYoungGen      total 16896K, used 7616K [0x00000000eb100000, 0x00000000eca00000, 0x0000000100000000)
  eden space 9216K, 0% used [0x00000000eb100000,0x00000000eb100000,0x00000000eba00000)
  from space 7680K, 99% used [0x00000000eba00000,0x00000000ec170000,0x00000000ec180000)
  to   space 8192K, 0% used [0x00000000ec200000,0x00000000ec200000,0x00000000eca00000)
 ParOldGen       total 143360K, used 134819K [0x00000000c1200000, 0x00000000c9e00000, 0x00000000eb100000)
  object space 143360K, 94% used [0x00000000c1200000,0x00000000c95a8ff8,0x00000000c9e00000)
 Metaspace       used 7298K, capacity 7587K, committed 7680K, reserved 1056768K
  class space    used 662K, capacity 688K, committed 768K, reserved 1048576K
}
Event: 411.276 GC heap before
{Heap before GC invocations=228 (full 6):
 PSYoungGen      total 16896K, used 16832K [0x00000000eb100000, 0x00000000eca00000, 0x0000000100000000)
  eden space 9216K, 100% used [0x00000000eb100000,0x00000000eba00000,0x00000000eba00000)
  from space 7680K, 99% used [0x00000000eba00000,0x00000000ec170000,0x00000000ec180000)
  to   space 8192K, 0% used [0x00000000ec200000,0x00000000ec200000,0x00000000eca00000)
 ParOldGen       total 143360K, used 134819K [0x00000000c1200000, 0x00000000c9e00000, 0x00000000eb100000)
  object space 143360K, 94% used [0x00000000c1200000,0x00000000c95a8ff8,0x00000000c9e00000)
 Metaspace       used 7298K, capacity 7587K, committed 7680K, reserved 1056768K
  class space    used 662K, capacity 688K, committed 768K, reserved 1048576K
Event: 411.281 GC heap after
Heap after GC invocations=228 (full 6):
 PSYoungGen      total 17408K, used 7648K [0x00000000eb100000, 0x00000000eca00000, 0x0000000100000000)
  eden space 9216K, 0% used [0x00000000eb100000,0x00000000eb100000,0x00000000eba00000)
  from space 8192K, 93% used [0x00000000ec200000,0x00000000ec978000,0x00000000eca00000)
  to   space 8192K, 0% used [0x00000000eba00000,0x00000000eba00000,0x00000000ec200000)
 ParOldGen       total 143360K, used 135315K [0x00000000c1200000, 0x00000000c9e00000, 0x00000000eb100000)
  object space 143360K, 94% used [0x00000000c1200000,0x00000000c9624ff8,0x00000000c9e00000)
 Metaspace       used 7298K, capacity 7587K, committed 7680K, reserved 1056768K
  class space    used 662K, capacity 688K, committed 768K, reserved 1048576K
}
Event: 412.842 GC heap before
{Heap before GC invocations=229 (full 6):
 PSYoungGen      total 17408K, used 16864K [0x00000000eb100000, 0x00000000eca00000, 0x0000000100000000)
  eden space 9216K, 100% used [0x00000000eb100000,0x00000000eba00000,0x00000000eba00000)
  from space 8192K, 93% used [0x00000000ec200000,0x00000000ec978000,0x00000000eca00000)
  to   space 8192K, 0% used [0x00000000eba00000,0x00000000eba00000,0x00000000ec200000)
 ParOldGen       total 143360K, used 135315K [0x00000000c1200000, 0x00000000c9e00000, 0x00000000eb100000)
  object space 143360K, 94% used [0x00000000c1200000,0x00000000c9624ff8,0x00000000c9e00000)
 Metaspace       used 7298K, capacity 7587K, committed 7680K, reserved 1056768K
  class space    used 662K, capacity 688K, committed 768K, reserved 1048576K
Event: 412.848 GC heap after
Heap after GC invocations=229 (full 6):
 PSYoungGen      total 17408K, used 7712K [0x00000000eb100000, 0x00000000eca00000, 0x0000000100000000)
  eden space 9216K, 0% used [0x00000000eb100000,0x00000000eb100000,0x00000000eba00000)
  from space 8192K, 94% used [0x00000000eba00000,0x00000000ec188000,0x00000000ec200000)
  to   space 8192K, 0% used [0x00000000ec200000,0x00000000ec200000,0x00000000eca00000)
 ParOldGen       total 143360K, used 135835K [0x00000000c1200000, 0x00000000c9e00000, 0x00000000eb100000)
  object space 143360K, 94% used [0x00000000c1200000,0x00000000c96a6ff8,0x00000000c9e00000)
 Metaspace       used 7298K, capacity 7587K, committed 7680K, reserved 1056768K
  class space    used 662K, capacity 688K, committed 768K, reserved 1048576K
}
Event: 414.392 GC heap before
{Heap before GC invocations=230 (full 6):
 PSYoungGen      total 17408K, used 16851K [0x00000000eb100000, 0x00000000eca00000, 0x0000000100000000)
  eden space 9216K, 99% used [0x00000000eb100000,0x00000000eb9ece50,0x00000000eba00000)
  from space 8192K, 94% used [0x00000000eba00000,0x00000000ec188000,0x00000000ec200000)
  to   space 8192K, 0% used [0x00000000ec200000,0x00000000ec200000,0x00000000eca00000)
 ParOldGen       total 143360K, used 135835K [0x00000000c1200000, 0x00000000c9e00000, 0x00000000eb100000)
  object space 143360K, 94% used [0x00000000c1200000,0x00000000c96a6ff8,0x00000000c9e00000)
 Metaspace       used 7298K, capacity 7587K, committed 7680K, reserved 1056768K
  class space    used 662K, capacity 688K, committed 768K, reserved 1048576K
Event: 414.396 GC heap after
Heap after GC invocations=230 (full 6):
 PSYoungGen      total 17408K, used 7776K [0x00000000eb100000, 0x00000000eca00000, 0x0000000100000000)
  eden space 9216K, 0% used [0x00000000eb100000,0x00000000eb100000,0x00000000eba00000)
  from space 8192K, 94% used [0x00000000ec200000,0x00000000ec998000,0x00000000eca00000)
  to   space 8192K, 0% used [0x00000000eba00000,0x00000000eba00000,0x00000000ec200000)
 ParOldGen       total 143360K, used 136331K [0x00000000c1200000, 0x00000000c9e00000, 0x00000000eb100000)
  object space 143360K, 95% used [0x00000000c1200000,0x00000000c9722ff8,0x00000000c9e00000)
 Metaspace       used 7298K, capacity 7587K, committed 7680K, reserved 1056768K
  class space    used 662K, capacity 688K, committed 768K, reserved 1048576K
}
Event: 415.942 GC heap before
{Heap before GC invocations=231 (full 6):
 PSYoungGen      total 17408K, used 16981K [0x00000000eb100000, 0x00000000eca00000, 0x0000000100000000)
  eden space 9216K, 99% used [0x00000000eb100000,0x00000000eb9fd4d0,0x00000000eba00000)
  from space 8192K, 94% used [0x00000000ec200000,0x00000000ec998000,0x00000000eca00000)
  to   space 8192K, 0% used [0x00000000eba00000,0x00000000eba00000,0x00000000ec200000)
 ParOldGen       total 143360K, used 136331K [0x00000000c1200000, 0x00000000c9e00000, 0x00000000eb100000)
  object space 143360K, 95% used [0x00000000c1200000,0x00000000c9722ff8,0x00000000c9e00000)
 Metaspace       used 7298K, capacity 7587K, committed 7680K, reserved 1056768K
  class space    used 662K, capacity 688K, committed 768K, reserved 1048576K
Event: 415.948 GC heap after
Heap after GC invocations=231 (full 6):
 PSYoungGen      total 17408K, used 7808K [0x00000000eb100000, 0x00000000ecb00000, 0x0000000100000000)
  eden space 9216K, 0% used [0x00000000eb100000,0x00000000eb100000,0x00000000eba00000)
  from space 8192K, 95% used [0x00000000eba00000,0x00000000ec1a0000,0x00000000ec200000)
  to   space 8704K, 0% used [0x00000000ec280000,0x00000000ec280000,0x00000000ecb00000)
 ParOldGen       total 143360K, used 136851K [0x00000000c1200000, 0x00000000c9e00000, 0x00000000eb100000)
  object space 143360K, 95% used [0x00000000c1200000,0x00000000c97a4ff8,0x00000000c9e00000)
 Metaspace       used 7298K, capacity 7587K, committed 7680K, reserved 1056768K
  class space    used 662K, capacity 688K, committed 768K, reserved 1048576K
}

